#
# There is insufficient memory for the Java Runtime Environment to continue.
# Native memory allocation (malloc) failed to allocate 32744 bytes for ChunkPool::allocate
# Possible reasons:
#   The system is out of physical RAM or swap space
#   In 32 bit mode, the process size limit was hit
# Possible solutions:
#   Reduce memory load on the system
#   Increase physical memory or swap space
#   Check if swap backing store is full
#   Use 64 bit Java on a 64 bit OS
#   Decrease Java heap size (-Xmx/-Xms)
#   Decrease number of Java threads
#   Decrease Java thread stack sizes (-Xss)
#   Set larger code cache with -XX:ReservedCodeCacheSize=
# This output file may be truncated or incomplete.
#
#  Out of Memory Error (allocation.cpp:273), pid=27188, tid=25180
#
# JRE version: Java(TM) SE Runtime Environment (8.0_60-b27) (build 1.8.0_60-b27)
# Java VM: Java HotSpot(TM) 64-Bit Server VM (25.60-b23 mixed mode windows-amd64 compressed oops)
# Failed to write core dump. Minidumps are not enabled by default on client versions of Windows
#

---------------  T H R E A D  ---------------

Current thread (0x0000000016f8a800):  JavaThread "C2 CompilerThread2" daemon [_thread_in_native, id=25180, stack(0x0000000017760000,0x0000000017860000)]

Stack: [0x0000000017760000,0x0000000017860000]
[error occurred during error reporting (printing stack bounds), id 0xc0000005]

Native frames: (J=compiled Java code, j=interpreted, Vv=VM code, C=native code)


Current CompileTask:
C2:   1337  529       4       java.util.HashMap::get (23 bytes)


---------------  P R O C E S S  ---------------

Java Threads: ( => current thread )
  0x0000000017197000 JavaThread "pool-1-thread-4" [_thread_in_Java, id=10288, stack(0x0000000017f60000,0x0000000018060000)]
  0x0000000017177000 JavaThread "pool-1-thread-3" [_thread_in_Java, id=1796, stack(0x0000000017e60000,0x0000000017f60000)]
  0x0000000017176800 JavaThread "pool-1-thread-2" [_thread_in_vm, id=16596, stack(0x0000000017d60000,0x0000000017e60000)]
  0x000000001716d800 JavaThread "pool-2-thread-1" [_thread_blocked, id=27328, stack(0x0000000017c60000,0x0000000017d60000)]
  0x0000000017170000 JavaThread "pool-1-thread-1" [_thread_in_Java, id=29668, stack(0x0000000017b60000,0x0000000017c60000)]
  0x0000000017022000 JavaThread "Service Thread" daemon [_thread_blocked, id=22532, stack(0x0000000017960000,0x0000000017a60000)]
  0x0000000016f8e800 JavaThread "C1 CompilerThread3" daemon [_thread_in_native, id=22568, stack(0x0000000017860000,0x0000000017960000)]
=>0x0000000016f8a800 JavaThread "C2 CompilerThread2" daemon [_thread_in_native, id=25180, stack(0x0000000017760000,0x0000000017860000)]
  0x0000000016f85800 JavaThread "C2 CompilerThread1" daemon [_thread_in_native, id=4224, stack(0x0000000017660000,0x0000000017760000)]
  0x0000000016f93800 JavaThread "C2 CompilerThread0" daemon [_thread_in_native, id=20792, stack(0x0000000017560000,0x0000000017660000)]
  0x0000000016f91800 JavaThread "Attach Listener" daemon [_thread_blocked, id=7748, stack(0x0000000017460000,0x0000000017560000)]
  0x0000000016f90800 JavaThread "Signal Dispatcher" daemon [_thread_blocked, id=14108, stack(0x0000000017360000,0x0000000017460000)]
  0x0000000002379800 JavaThread "Finalizer" daemon [_thread_blocked, id=14256, stack(0x0000000016d80000,0x0000000016e80000)]
  0x0000000014e9d800 JavaThread "Reference Handler" daemon [_thread_blocked, id=19896, stack(0x0000000016c80000,0x0000000016d80000)]
  0x000000000217e000 JavaThread "main" [_thread_in_Java, id=26092, stack(0x0000000002180000,0x0000000002280000)]

Other Threads:
  0x0000000014e99800 VMThread [stack: 0x0000000016b80000,0x0000000016c80000] [id=25448]
  0x000000001702b000 WatcherThread [stack: 0x0000000017a60000,0x0000000017b60000] [id=18884]

VM state:not at safepoint (normal execution)

VM Mutex/Monitor currently owned by a thread: None

Heap:
 PSYoungGen      total 76288K, used 18356K [0x00000000eab00000, 0x00000000f0000000, 0x0000000100000000)
  eden space 65536K, 28% used [0x00000000eab00000,0x00000000ebced078,0x00000000eeb00000)
  from space 10752K, 0% used [0x00000000ef580000,0x00000000ef580000,0x00000000f0000000)
  to   space 10752K, 0% used [0x00000000eeb00000,0x00000000eeb00000,0x00000000ef580000)
 ParOldGen       total 175104K, used 0K [0x00000000c0000000, 0x00000000cab00000, 0x00000000eab00000)
  object space 175104K, 0% used [0x00000000c0000000,0x00000000c0000000,0x00000000cab00000)
 Metaspace       used 5582K, capacity 6576K, committed 6784K, reserved 1056768K
  class space    used 592K, capacity 616K, committed 640K, reserved 1048576K

Card table byte_map: [0x0000000011740000,0x0000000011950000] byte_map_base: 0x0000000011140000

Marking Bits: (ParMarkBitMap*) 0x000000006ef8a5b0
 Begin Bits: [0x00000000122b0000, 0x00000000132b0000)
 End Bits:   [0x00000000132b0000, 0x00000000142b0000)

Polling page: 0x00000000009f0000

CodeCache: size=245760Kb used=2038Kb max_used=2038Kb free=243721Kb
 bounds [0x0000000002380000, 0x00000000025f0000, 0x0000000011380000]
 total_blobs=794 nmethods=525 adapters=182
 compilation: enabled

Compilation events (10 events):
Event: 1.326 Thread 0x0000000016f8e800 nmethod 535 0x0000000002575c90 code [0x0000000002575e40, 0x0000000002576418]
Event: 1.326 Thread 0x0000000016f8e800  536       3       com.android.dx.dex.code.OutputFinisher::updateInfo (44 bytes)
Event: 1.326 Thread 0x0000000016f8e800 nmethod 536 0x0000000002572c90 code [0x0000000002572e00, 0x00000000025731c8]
Event: 1.326 Thread 0x0000000016f8e800  521       3       com.android.dx.rop.code.RegisterSpecList::set (7 bytes)
Event: 1.326 Thread 0x0000000016f85800 nmethod 538 0x0000000002579450 code [0x00000000025795a0, 0x00000000025796b8]
Event: 1.326 Thread 0x0000000016f85800  545       4       java.util.HashMap::getNode (148 bytes)
Event: 1.326 Thread 0x0000000016f8e800 nmethod 521 0x00000000025784d0 code [0x00000000025786a0, 0x0000000002578e88]
Event: 1.326 Thread 0x0000000016f8e800  547       3       com.android.dx.rop.code.InsnList::forEach (28 bytes)
Event: 1.327 Thread 0x0000000016f8e800 nmethod 547 0x0000000002577ad0 code [0x0000000002577c80, 0x00000000025782b8]
Event: 1.327 Thread 0x0000000016f8e800  548       3       com.android.dx.rop.code.BasicBlockList$RegCountVisitor::visit (52 bytes)

GC Heap History (0 events):
No events

Deoptimization events (1 events):
Event: 1.309 Thread 0x0000000017177000 Uncommon trap: reason=unstable_if action=reinterpret pc=0x0000000002563ddc method=java.util.HashMap.getNode(ILjava/lang/Object;)Ljava/util/HashMap$Node; @ 129

Internal exceptions (2 events):
Event: 0.062 Thread 0x000000000217e000 Exception <a 'java/lang/NoSuchMethodError': Method sun.misc.Unsafe.defineClass(Ljava/lang/String;[BII)Ljava/lang/Class; name or signature does not match> (0x00000000eab0dd88) thrown at [C:\re\workspace\8-2-build-windows-amd64-cygwin\jdk8u60\4407\hotspot\sr¦NÄ©ù¯?
Event: 0.062 Thread 0x000000000217e000 Exception <a 'java/lang/NoSuchMethodError': Method sun.misc.Unsafe.prefetchRead(Ljava/lang/Object;J)V name or signature does not match> (0x00000000eab0e070) thrown at [C:\re\workspace\8-2-build-windows-amd64-cygwin\jdk8u60\4407\hotspot\src\share\vm\prims\j

Events (10 events):
Event: 1.300 loading class com/android/dx/rop/code/LocalItem done
Event: 1.309 Thread 0x0000000017177000 Uncommon trap: trap_request=0xffffff65 fr.pc=0x0000000002563ddc
Event: 1.309 Thread 0x0000000017177000 DEOPT PACKING pc=0x0000000002563ddc sp=0x0000000017f5eb90
Event: 1.309 Thread 0x0000000017177000 DEOPT UNPACKING pc=0x00000000023c582a sp=0x0000000017f5eb08 mode 2
Event: 1.314 loading class com/android/dx/rop/code/RegOps
Event: 1.314 loading class com/android/dx/rop/code/RegOps done
Event: 1.315 loading class java/util/TreeMap$EntrySet
Event: 1.315 loading class java/util/TreeMap$EntrySet done
Event: 1.315 loading class java/util/TreeMap$EntryIterator
Event: 1.315 loading class java/util/TreeMap$EntryIterator done


Dynamic libraries:
0x00007ff6b6ac0000 - 0x00007ff6b6af7000 	E:\Programing\Java\jdk1.8.0_60\bin\java.exe
0x00007ffdee620000 - 0x00007ffdee7e1000 	C:\WINDOWS\SYSTEM32\ntdll.dll
0x00007ffded660000 - 0x00007ffded70d000 	C:\WINDOWS\system32\KERNEL32.DLL
0x00007ffdeb830000 - 0x00007ffdeba18000 	C:\WINDOWS\system32\KERNELBASE.dll
0x00007ffdedbb0000 - 0x00007ffdedc57000 	C:\WINDOWS\system32\ADVAPI32.dll
0x00007ffdedc60000 - 0x00007ffdedcfd000 	C:\WINDOWS\system32\msvcrt.dll
0x00007ffdecff0000 - 0x00007ffded04b000 	C:\WINDOWS\system32\sechost.dll
0x00007ffdee070000 - 0x00007ffdee18c000 	C:\WINDOWS\system32\RPCRT4.dll
0x00007ffded050000 - 0x00007ffded1a6000 	C:\WINDOWS\system32\USER32.dll
0x00007ffded300000 - 0x00007ffded486000 	C:\WINDOWS\system32\GDI32.dll
0x00007ffde5b50000 - 0x00007ffde5dc4000 	C:\WINDOWS\WinSxS\amd64_microsoft.windows.common-controls_6595b64144ccf1df_6.0.10586.0_none_8c15ae12515e1c22\COMCTL32.dll
0x00007ffded930000 - 0x00007ffdedbad000 	C:\WINDOWS\system32\combase.dll
0x00007ffdead80000 - 0x00007ffdeadea000 	C:\WINDOWS\system32\bcryptPrimitives.dll
0x00007ffded780000 - 0x00007ffded7bb000 	C:\WINDOWS\system32\IMM32.DLL
0x000000006e4d0000 - 0x000000006e5a2000 	E:\Programing\Java\jdk1.8.0_60\jre\bin\msvcr100.dll
0x000000006e780000 - 0x000000006f009000 	E:\Programing\Java\jdk1.8.0_60\jre\bin\server\jvm.dll
0x00007ffded220000 - 0x00007ffded228000 	C:\WINDOWS\system32\PSAPI.DLL
0x00007ffddefd0000 - 0x00007ffddefd9000 	C:\WINDOWS\SYSTEM32\WSOCK32.dll
0x00007ffde5e70000 - 0x00007ffde5e7a000 	C:\WINDOWS\SYSTEM32\VERSION.dll
0x00007ffded710000 - 0x00007ffded77b000 	C:\WINDOWS\system32\WS2_32.dll
0x00007ffde9110000 - 0x00007ffde9133000 	C:\WINDOWS\SYSTEM32\WINMM.dll
0x0000000000430000 - 0x000000000045c000 	C:\WINDOWS\SYSTEM32\WINMMBASE.dll
0x00007ffdeb0e0000 - 0x00007ffdeb123000 	C:\WINDOWS\system32\cfgmgr32.dll
0x000000006f410000 - 0x000000006f41f000 	E:\Programing\Java\jdk1.8.0_60\jre\bin\verify.dll
0x000000006f3e0000 - 0x000000006f409000 	E:\Programing\Java\jdk1.8.0_60\jre\bin\java.dll
0x000000006f3c0000 - 0x000000006f3d6000 	E:\Programing\Java\jdk1.8.0_60\jre\bin\zip.dll
0x00007ffdeba80000 - 0x00007ffdecfdc000 	C:\WINDOWS\system32\SHELL32.dll
0x00007ffdeb130000 - 0x00007ffdeb775000 	C:\WINDOWS\system32\windows.storage.dll
0x00007ffdeddb0000 - 0x00007ffdede02000 	C:\WINDOWS\system32\shlwapi.dll
0x00007ffdeacc0000 - 0x00007ffdeaccf000 	C:\WINDOWS\system32\kernel.appcore.dll
0x00007ffdeadf0000 - 0x00007ffdeaea5000 	C:\WINDOWS\system32\shcore.dll
0x00007ffdeac70000 - 0x00007ffdeacbb000 	C:\WINDOWS\system32\powrprof.dll
0x00007ffdeac40000 - 0x00007ffdeac54000 	C:\WINDOWS\system32\profapi.dll

VM Arguments:
jvm_args: -Djava.awt.headless=true -Xmx1024M -Dfile.encoding=windows-1252 -Duser.country=US -Duser.language=en -Duser.variant 
java_command: com.android.dx.command.Main --dex --num-threads=4 --output D:\LocalCode\ihere\app\build\intermediates\pre-dexed\debug\com.google.android.gms-play-services-safetynet-8.1.0_af00a40576cd2db5afc8eee58bb5e90a24e42832.jar D:\LocalCode\ihere\app\build\intermediates\exploded-aar\com.google.android.gms\play-services-safetynet\8.1.0\jars\classes.jar
java_class_path (initial): E:\Programing\Android\sdk\build-tools\23.0.3\lib\dx.jar
Launcher Type: SUN_STANDARD

Environment Variables:
JAVA_HOME=E:\Programing\Java\jdk1.8.0_60
CLASSPATH=E:\Programing\jakarta-tomcat-3.3.2\lib\common\servlet.jar;E:\Programing\jakarta-tomcat-3.3.2\webapps\examples\WEB-INF\classes;
PATH=E:\Programing\Java\jdk1.8.0_60\jre\bin\server;C:\ProgramData\Oracle\Java\javapath;E:\Programing\Java\jdk1.8.0_60\bin;E:\Programing\JetBrains\IntelliJ IDEA Community Edition 14.1.4\jre\jre\bin\client;E:\Programing\apache-maven-3.3.3\bin;C:\Program Files (x86)\Intel\iCLS Client\;C:\Program Files\Intel\iCLS Client\;C:\WINDOWS\system32;C:\WINDOWS;C:\WINDOWS\System32\Wbem;C:\WINDOWS\System32\WindowsPowerShell\v1.0\;C:\Program Files (x86)\Windows Live\Shared;C:\Program Files\Intel\WiFi\bin\;C:\Program Files\Common Files\Intel\WirelessCommon\;C:\Program Files\Intel\Intel(R) Management Engine Components\DAL;C:\Program Files (x86)\Intel\Intel(R) Management Engine Components\DAL;C:\Program Files\Intel\Intel(R) Management Engine Components\IPT;C:\Program Files (x86)\Intel\Intel(R) Management Engine Components\IPT;C:\Program Files (x86)\NVIDIA Corporation\PhysX\Common;E:\Programing\Anaconda;E:\Programing\Anaconda\Scripts;E:\Software\Git\cmd;E:\Software\CTEX\UserData\miktex\bin;E:\Software\CTEX\MiKTeX\miktex\bin;E:\Software\CTEX\CTeX\ctex\bin;E:\Software\CTEX\CTeX\cct\bin;E:\Software\CTEX\CTeX\ty\bin;E:\Software\CTEX\Ghostscript\gs9.05\bin;E:\Software\CTEX\GSview\gsview;E:\Software\CTEX\WinEdt;C:\Program Files (x86)\Windows Kits\8.1\Windows Performance Toolkit\;E:\Programing\spin;E:\Programing\cygwin64\bin;E:\Programing\Java\jdk1.8.0_60\bin;E:\Programing\graphviz-2.38\release\bin;C:\WINDOWS\system32;C:\WINDOWS;C:\WINDOWS\System32\Wbem;C:\WINDOWS\System32\WindowsPowerShell\v1.0\;C:\Program Files (x86)\Skype\Phone\;E:\Programing\nodejs;E:\Software\OpenVPN\bin;C:\Users\stain\AppData\Roaming\npm;E:\Programing\nodejs\;E:\Programing\sbt\bin;E:\Programing\CloudFoundry;E:\Programing\premake;E:\Software\Bandizip\7z;E:\Programing\Mercurial;E:\Programing\Microsoft VS Code\bin;C:\Users\stain\AppData\Roaming\npm;C:\Users\stain\AppData\Local\atom\bin
USERNAME=stain
OS=Windows_NT
PROCESSOR_IDENTIFIER=Intel64 Family 6 Model 71 Stepping 1, GenuineIntel



---------------  S Y S T E M  ---------------

OS: Windows 10.0 , 64 bit Build 10586 (10.0.10586.0)

CPU:total 8 (4 cores per cpu, 2 threads per core) family 6 model 71 stepping 1, cmov, cx8, fxsr, mmx, sse, sse2, sse3, ssse3, sse4.1, sse4.2, popcnt, avx, avx2, aes, clmul, erms, 3dnowpref, lzcnt, ht, tsc, tscinvbit, bmi1, bmi2, adx

Memory: 4k page, physical 16690548k(2760960k free), swap 32084756k(3088k free)

vm_info: Java HotSpot(TM) 64-Bit Server VM (25.60-b23) for windows-amd64 JRE (1.8.0_60-b27), built on Aug  4 2015 11:06:27 by "java_re" with MS VC++ 10.0 (VS2010)

time: Sun Apr 24 17:35:36 2016
elapsed time: 1 seconds (0d 0h 0m 1s)

